<?xml version="1.0" encoding="UTF-8"?>
<!-- Generated by org.testng.reporters.JUnitReportReporter -->
<testsuite skipped="1" hostname="LAPTOP-0MT7PC1D" name="Test.Login" tests="1" failures="0" timestamp="2020-07-19T01:59:57 IST" time="0.000" errors="0">
  <testcase name="submitForm" time="0.000" classname="Test.Login">
    <skipped/>
  </testcase> <!-- submitForm -->
  <system-out/>
</testsuite> <!-- Test.Login -->
